2025-03-09 23:48:16,164 - INFO - Loading dataset...
2025-03-09 23:49:03,964 - INFO - Loading dataset...
2025-03-09 23:49:14,968 - INFO - Loading dataset...
2025-03-09 23:51:46,484 - INFO - Loading dataset...
2025-03-09 23:52:54,386 - INFO - Loading dataset...
2025-03-09 23:53:42,211 - INFO - Loading dataset...
2025-03-09 23:54:58,647 - INFO - Loading dataset...
2025-03-09 23:58:39,656 - INFO - Loading dataset...
2025-03-10 00:00:04,084 - INFO - Loading dataset...
2025-03-10 00:00:43,324 - INFO - Loading dataset...
2025-03-10 00:02:28,465 - INFO - Loading dataset...
2025-03-10 00:07:01,895 - INFO - Loading dataset...
2025-03-10 00:07:01,901 - INFO - Reading CSV file: datasets/extracted_winequality\winequality\winequality-red.csv
2025-03-10 16:23:36,169 - INFO - Duplicates found
2025-03-10 16:23:36,174 - INFO - Dropping Duplicates
2025-03-10 16:33:51,406 - INFO - Loading data
2025-03-10 16:33:51,413 - INFO - Checking duplicates
2025-03-10 16:33:51,415 - INFO - Duplicates found
2025-03-10 16:33:51,419 - INFO - Dropping Duplicates
2025-03-10 16:33:51,419 - INFO - Checking Missing Values
2025-03-10 16:34:24,288 - INFO - Loading data
2025-03-10 16:34:24,293 - INFO - Checking duplicates
2025-03-10 16:34:24,296 - INFO - Duplicates found
2025-03-10 16:34:24,298 - INFO - Dropping Duplicates
2025-03-10 16:34:24,298 - INFO - Checking Missing Values
2025-03-10 16:34:55,300 - INFO - Loading data
2025-03-10 16:34:55,306 - INFO - Checking duplicates
2025-03-10 16:34:55,309 - INFO - Duplicates found
2025-03-10 16:34:55,312 - INFO - Dropping Duplicates
2025-03-10 16:34:55,312 - INFO - Checking Missing Values
2025-03-10 16:34:55,314 - INFO - Missing values are not found
2025-03-10 20:02:57,415 - INFO - Loading dataset...
2025-03-10 20:02:57,418 - INFO - Reading CSV file: datasets/extracted_winequality\winequality\winequality-red.csv
2025-03-10 20:08:58,498 - INFO - Loading dataset...
2025-03-10 20:08:58,501 - INFO - Reading CSV file: datasets/extracted_winequality\winequality\winequality-red.csv
2025-03-10 20:10:23,105 - INFO - Loading dataset...
2025-03-10 20:10:23,110 - INFO - Reading CSV file: datasets/extracted_winequality\winequality\winequality-red.csv
2025-03-10 20:10:23,130 - INFO - Loading data
2025-03-10 20:10:23,133 - INFO - Checking duplicates
2025-03-10 20:10:23,136 - INFO - Duplicates found
2025-03-10 20:10:23,137 - INFO - Dropping Duplicates
2025-03-10 20:10:23,137 - INFO - Checking Missing Values
2025-03-10 20:10:23,138 - INFO - Missing values are not found
2025-03-10 20:10:23,152 - INFO - Transformed data is saved
2025-03-10 21:44:54,397 - INFO - Loading dataset...
2025-03-10 21:44:54,402 - INFO - Reading CSV file: datasets/extracted_winequality\winequality\winequality-red.csv
2025-03-10 21:44:54,423 - INFO - Loading data
2025-03-10 21:44:54,426 - INFO - Checking duplicates
2025-03-10 21:44:54,432 - INFO - Duplicates found
2025-03-10 21:44:54,434 - INFO - Dropping Duplicates
2025-03-10 21:44:54,434 - INFO - Checking Missing Values
2025-03-10 21:44:54,434 - INFO - Missing values are not found
2025-03-10 21:44:54,444 - INFO - Transformed data is saved
2025-03-10 21:49:01,699 - INFO - Loading dataset...
2025-03-10 21:49:01,702 - INFO - Reading CSV file: datasets/extracted_winequality\winequality\winequality-red.csv
2025-03-10 21:49:01,719 - INFO - Loading data
2025-03-10 21:49:01,722 - INFO - Checking duplicates
2025-03-10 21:49:01,724 - INFO - Duplicates found
2025-03-10 21:49:01,726 - INFO - Dropping Duplicates
2025-03-10 21:49:01,726 - INFO - Checking Missing Values
2025-03-10 21:49:01,726 - INFO - Missing values are not found
2025-03-10 21:49:01,736 - INFO - Transformed data is saved
2025-03-10 21:49:26,819 - INFO - Loading dataset...
2025-03-10 21:49:26,822 - INFO - Reading CSV file: datasets/extracted_winequality\winequality\winequality-red.csv
2025-03-10 21:49:26,842 - INFO - Loading data
2025-03-10 21:49:26,847 - INFO - Checking duplicates
2025-03-10 21:49:26,849 - INFO - Duplicates found
2025-03-10 21:49:26,851 - INFO - Dropping Duplicates
2025-03-10 21:49:26,851 - INFO - Checking Missing Values
2025-03-10 21:49:26,851 - INFO - Missing values are not found
2025-03-10 21:49:26,862 - INFO - Transformed data is saved
2025-03-10 21:49:51,975 - INFO - Loading dataset...
2025-03-10 21:49:51,978 - INFO - Reading CSV file: datasets/extracted_winequality\winequality\winequality-red.csv
2025-03-10 21:53:22,525 - INFO - Loading dataset...
2025-03-10 21:53:22,528 - INFO - Reading CSV file: datasets/extracted_winequality\winequality\winequality-red.csv
2025-03-10 21:53:57,797 - INFO - Loading dataset...
2025-03-10 21:53:57,800 - INFO - Reading CSV file: datasets/extracted_winequality\winequality\winequality-red.csv
2025-03-10 21:53:57,817 - INFO - Loading data
2025-03-10 21:53:57,820 - INFO - Checking duplicates
2025-03-10 21:53:57,822 - INFO - Duplicates found
2025-03-10 21:53:57,823 - INFO - Dropping Duplicates
2025-03-10 21:53:57,823 - INFO - Checking Missing Values
2025-03-10 21:53:57,824 - INFO - Missing values are not found
2025-03-10 21:53:57,833 - INFO - Transformed data is saved
2025-03-10 21:53:57,834 - INFO - Outliers are Handling using IQR method.....
2025-03-10 21:53:57,854 - INFO - Completed the Outlier Handling.....
2025-03-10 21:55:03,262 - INFO - Loading dataset...
2025-03-10 21:55:03,265 - INFO - Reading CSV file: datasets/extracted_winequality\winequality\winequality-red.csv
2025-03-10 21:55:03,287 - INFO - Loading data
2025-03-10 21:55:03,290 - INFO - Checking duplicates
2025-03-10 21:55:03,292 - INFO - Duplicates found
2025-03-10 21:55:03,294 - INFO - Dropping Duplicates
2025-03-10 21:55:03,294 - INFO - Checking Missing Values
2025-03-10 21:55:03,294 - INFO - Missing values are not found
2025-03-10 21:55:03,304 - INFO - Transformed data is saved
2025-03-10 21:55:03,304 - INFO - Outliers are Handling using IQR method.....
2025-03-10 21:55:03,323 - INFO - Completed the Outlier Handling.....
2025-03-10 21:55:03,328 - INFO - Scaling is done using StandardScaler method
2025-03-10 21:55:03,331 - INFO - Saving the Scaler Model.
2025-03-10 21:55:03,333 - INFO - Splitting the train and test data in the ratio of 3:1
2025-03-10 21:55:03,354 - INFO - Train and Test data is saved
2025-03-12 21:54:09,327 - INFO - Training models...
2025-03-12 21:54:10,056 - INFO - RandomForest -> MSE: 0.3923, MAE: 0.5030, RÂ²: 0.3687
2025-03-12 21:54:19,709 - INFO - GradientBoosting -> MSE: 0.3937, MAE: 0.4985, RÂ²: 0.3664
2025-03-12 21:56:03,048 - INFO - Training models...
2025-03-12 21:56:03,818 - INFO - RandomForest -> MSE: 0.3923, MAE: 0.5030, RÂ²: 0.3687
2025-03-12 21:56:09,955 - INFO - GradientBoosting -> MSE: 0.3937, MAE: 0.4985, RÂ²: 0.3664
2025-03-12 21:56:15,403 - INFO - LinearRegression -> MSE: 0.3937, MAE: 0.5008, RÂ²: 0.3664
2025-03-12 21:56:20,718 - INFO - SVC -> MSE: 0.3795, MAE: 0.4826, RÂ²: 0.3892
2025-03-12 21:56:26,349 - INFO - ElasticNet -> MSE: 0.6009, MAE: 0.6625, RÂ²: 0.0330
2025-03-12 22:06:23,062 - INFO - Loading dataset...
2025-03-12 22:06:23,067 - INFO - Reading CSV file: datasets/extracted_winequality\winequality\winequality-red.csv
2025-03-12 22:06:23,087 - INFO - Loading data
2025-03-12 22:06:23,090 - INFO - Checking duplicates
2025-03-12 22:06:23,097 - INFO - Duplicates found
2025-03-12 22:06:23,099 - INFO - Dropping Duplicates
2025-03-12 22:06:23,099 - INFO - Checking Missing Values
2025-03-12 22:06:23,100 - INFO - Missing values are not found
2025-03-12 22:06:23,109 - INFO - Transformed data is saved
2025-03-12 22:06:23,110 - INFO - Outliers are Handling using IQR method.....
2025-03-12 22:06:23,129 - INFO - Completed the Outlier Handling.....
2025-03-12 22:06:23,134 - INFO - Scaling is done using StandardScaler method
2025-03-12 22:06:23,135 - INFO - Saving the Scaler Model.
2025-03-12 22:06:23,137 - INFO - Splitting the train and test data in the ratio of 3:1
2025-03-12 22:06:23,157 - INFO - Train and Test data is saved
2025-03-12 22:07:58,763 - INFO - Loading dataset...
2025-03-12 22:07:58,766 - INFO - Reading CSV file: datasets/extracted_winequality\winequality\winequality-red.csv
2025-03-12 22:07:58,784 - INFO - Loading data
2025-03-12 22:07:58,787 - INFO - Checking duplicates
2025-03-12 22:07:58,789 - INFO - Duplicates found
2025-03-12 22:07:58,791 - INFO - Dropping Duplicates
2025-03-12 22:07:58,791 - INFO - Checking Missing Values
2025-03-12 22:07:58,791 - INFO - Missing values are not found
2025-03-12 22:07:58,816 - INFO - Transformed data is saved
2025-03-12 22:07:58,817 - INFO - Outliers are Handling using IQR method.....
2025-03-12 22:07:58,834 - INFO - Completed the Outlier Handling.....
2025-03-12 22:07:58,839 - INFO - Scaling is done using StandardScaler method
2025-03-12 22:07:58,840 - INFO - Saving the Scaler Model.
2025-03-12 22:07:58,842 - INFO - Splitting the train and test data in the ratio of 3:1
2025-03-12 22:07:58,862 - INFO - Train and Test data is saved
2025-03-12 22:07:58,863 - INFO - Loading the train and test data.....
2025-03-12 22:07:58,863 - INFO - Splitting the data.....
2025-03-12 22:07:58,863 - INFO - Model Trainning....
2025-03-12 22:07:58,864 - INFO - Training models...
2025-03-12 22:08:00,499 - INFO - RandomForest -> MSE: 0.3923, MAE: 0.5030, R²: 0.3687
2025-03-12 22:08:07,371 - INFO - GradientBoosting -> MSE: 0.3937, MAE: 0.4985, R²: 0.3664
2025-03-12 22:08:11,800 - INFO - LinearRegression -> MSE: 0.3937, MAE: 0.5008, R²: 0.3664
2025-03-12 22:08:16,227 - INFO - SVC -> MSE: 0.3795, MAE: 0.4826, R²: 0.3892
2025-03-12 22:08:21,044 - INFO - ElasticNet -> MSE: 0.6009, MAE: 0.6625, R²: 0.0330
2025-03-12 22:08:25,449 - INFO - Saving the Model......
2025-03-12 22:08:25,451 - INFO - Model training is done..
2025-03-12 22:15:17,085 - INFO - Loading dataset...
2025-03-12 22:15:17,088 - INFO - Reading CSV file: datasets/extracted_winequality\winequality\winequality-red.csv
2025-03-12 22:15:17,108 - INFO - Loading data
2025-03-12 22:15:17,112 - INFO - Checking duplicates
2025-03-12 22:15:17,114 - INFO - Duplicates found
2025-03-12 22:15:17,116 - INFO - Dropping Duplicates
2025-03-12 22:15:17,116 - INFO - Checking Missing Values
2025-03-12 22:15:17,116 - INFO - Missing values are not found
2025-03-12 22:15:17,128 - INFO - Transformed data is saved
2025-03-12 22:15:17,129 - INFO - Outliers are Handling using IQR method.....
2025-03-12 22:15:17,150 - INFO - Completed the Outlier Handling.....
2025-03-12 22:15:17,156 - INFO - Scaling is done using StandardScaler method
2025-03-12 22:15:17,157 - INFO - Saving the Scaler Model.
2025-03-12 22:15:17,159 - INFO - Splitting the train and test data in the ratio of 3:1
2025-03-12 22:15:17,181 - INFO - Train and Test data is saved
2025-03-12 22:15:17,181 - INFO - Loading the train and test data.....
2025-03-12 22:15:17,181 - INFO - Splitting the data.....
2025-03-12 22:15:17,182 - INFO - Model Trainning....
2025-03-12 22:15:17,182 - INFO - Training models...
2025-03-12 22:15:18,781 - INFO - RandomForest -> MSE: 0.3923, MAE: 0.5030, R²: 0.3687
2025-03-12 22:15:26,399 - INFO - GradientBoosting -> MSE: 0.3937, MAE: 0.4985, R²: 0.3664
2025-03-12 22:15:31,158 - INFO - LinearRegression -> MSE: 0.3937, MAE: 0.5008, R²: 0.3664
2025-03-12 22:15:35,815 - INFO - SVC -> MSE: 0.3795, MAE: 0.4826, R²: 0.3892
2025-03-12 22:15:41,131 - INFO - ElasticNet -> MSE: 0.6009, MAE: 0.6625, R²: 0.0330
2025-03-12 22:15:45,907 - INFO - Saving the Model......
2025-03-12 22:15:45,908 - INFO - Model training is done..
2025-03-12 22:20:16,584 - INFO - Loading dataset...
2025-03-12 22:20:16,587 - INFO - Reading CSV file: datasets/extracted_winequality\winequality\winequality-red.csv
2025-03-12 22:20:16,605 - INFO - Loading data
2025-03-12 22:20:16,608 - INFO - Checking duplicates
2025-03-12 22:20:16,610 - INFO - Duplicates found
2025-03-12 22:20:16,612 - INFO - Dropping Duplicates
2025-03-12 22:20:16,612 - INFO - Checking Missing Values
2025-03-12 22:20:16,612 - INFO - Missing values are not found
2025-03-12 22:20:16,623 - INFO - Transformed data is saved
2025-03-12 22:20:16,623 - INFO - Outliers are Handling using IQR method.....
2025-03-12 22:20:16,643 - INFO - Completed the Outlier Handling.....
2025-03-12 22:20:16,648 - INFO - Scaling is done using StandardScaler method
2025-03-12 22:20:16,649 - INFO - Saving the Scaler Model.
2025-03-12 22:20:16,651 - INFO - Splitting the train and test data in the ratio of 3:1
2025-03-12 22:20:16,673 - INFO - Train and Test data is saved
2025-03-12 22:20:16,673 - INFO - Loading the train and test data.....
2025-03-12 22:20:16,673 - INFO - Splitting the data.....
2025-03-12 22:20:16,674 - INFO - Model Trainning....
2025-03-12 22:20:16,674 - INFO - Training models...
2025-03-12 22:20:18,128 - INFO - RandomForest -> MSE: 0.3923, MAE: 0.5030, R²: 0.3687
2025-03-12 22:20:25,571 - INFO - GradientBoosting -> MSE: 0.3937, MAE: 0.4985, R²: 0.3664
2025-03-12 22:20:30,599 - INFO - LinearRegression -> MSE: 0.3937, MAE: 0.5008, R²: 0.3664
2025-03-12 22:20:35,382 - INFO - SVC -> MSE: 0.3795, MAE: 0.4826, R²: 0.3892
2025-03-12 22:20:40,665 - INFO - ElasticNet -> MSE: 0.6009, MAE: 0.6625, R²: 0.0330
2025-03-12 22:20:45,827 - INFO - Saving the Model......
2025-03-12 22:20:45,830 - INFO - Model training is done..
2025-03-12 22:42:35,666 - INFO - HTTP Request: POST https://dagshub.com/login/oauth/middleman "HTTP/1.1 200 OK"
2025-03-12 22:42:36,951 - INFO - HTTP Request: POST https://dagshub.com/login/oauth/access_token "HTTP/1.1 200 OK"
2025-03-12 22:42:38,149 - INFO - HTTP Request: GET https://dagshub.com/api/v1/user "HTTP/1.1 200 OK"
2025-03-12 22:42:38,157 - INFO - Accessing as Chandu1613
2025-03-12 22:42:39,404 - INFO - HTTP Request: GET https://dagshub.com/api/v1/repos/Chandu1613/MLProject "HTTP/1.1 200 OK"
2025-03-12 22:42:40,598 - INFO - HTTP Request: GET https://dagshub.com/api/v1/user "HTTP/1.1 200 OK"
2025-03-12 22:42:40,604 - INFO - Initialized MLflow to track repo "Chandu1613/MLProject"
2025-03-12 22:42:40,606 - INFO - Repository Chandu1613/MLProject initialized!
2025-03-12 22:42:40,607 - INFO - Loading dataset...
2025-03-12 22:42:40,617 - INFO - Reading CSV file: datasets/extracted_winequality\winequality\winequality-red.csv
2025-03-12 22:42:40,669 - INFO - Loading data
2025-03-12 22:42:40,673 - INFO - Checking duplicates
2025-03-12 22:42:40,692 - INFO - Duplicates found
2025-03-12 22:42:40,698 - INFO - Dropping Duplicates
2025-03-12 22:42:40,699 - INFO - Checking Missing Values
2025-03-12 22:42:40,700 - INFO - Missing values are not found
2025-03-12 22:42:40,716 - INFO - Transformed data is saved
2025-03-12 22:42:40,719 - INFO - Outliers are Handling using IQR method.....
2025-03-12 22:42:40,771 - INFO - Completed the Outlier Handling.....
2025-03-12 22:42:40,788 - INFO - Scaling is done using StandardScaler method
2025-03-12 22:42:40,792 - INFO - Saving the Scaler Model.
2025-03-12 22:42:40,800 - INFO - Splitting the train and test data in the ratio of 3:1
2025-03-12 22:42:40,861 - INFO - Train and Test data is saved
2025-03-12 22:42:40,862 - INFO - Loading the train and test data.....
2025-03-12 22:42:40,862 - INFO - Splitting the data.....
2025-03-12 22:42:40,865 - INFO - Model Trainning....
2025-03-12 22:42:40,865 - INFO - Training models...
2025-03-12 22:50:55,933 - INFO - Loading dataset...
2025-03-12 22:50:55,937 - INFO - Reading CSV file: datasets/extracted_winequality\winequality\winequality-red.csv
2025-03-12 22:50:55,958 - INFO - Loading data
2025-03-12 22:50:55,961 - INFO - Checking duplicates
2025-03-12 22:50:55,963 - INFO - Duplicates found
2025-03-12 22:50:55,965 - INFO - Dropping Duplicates
2025-03-12 22:50:55,965 - INFO - Checking Missing Values
2025-03-12 22:50:55,966 - INFO - Missing values are not found
2025-03-12 22:50:55,976 - INFO - Transformed data is saved
2025-03-12 22:50:55,977 - INFO - Outliers are Handling using IQR method.....
2025-03-12 22:50:55,997 - INFO - Completed the Outlier Handling.....
2025-03-12 22:50:56,001 - INFO - Scaling is done using StandardScaler method
2025-03-12 22:50:56,003 - INFO - Saving the Scaler Model.
2025-03-12 22:50:56,005 - INFO - Splitting the train and test data in the ratio of 3:1
2025-03-12 22:50:56,028 - INFO - Train and Test data is saved
2025-03-12 22:50:56,028 - INFO - Loading the train and test data.....
2025-03-12 22:50:56,028 - INFO - Splitting the data.....
2025-03-12 22:50:56,029 - INFO - Model Trainning....
2025-03-12 22:50:56,029 - INFO - Training models...
2025-03-12 22:59:33,732 - INFO - Loading dataset...
2025-03-12 22:59:33,736 - INFO - Reading CSV file: datasets/extracted_winequality\winequality\winequality-red.csv
2025-03-12 22:59:33,754 - INFO - Loading data
2025-03-12 22:59:33,758 - INFO - Checking duplicates
2025-03-12 22:59:33,759 - INFO - Duplicates found
2025-03-12 22:59:33,761 - INFO - Dropping Duplicates
2025-03-12 22:59:33,761 - INFO - Checking Missing Values
2025-03-12 22:59:33,762 - INFO - Missing values are not found
2025-03-12 22:59:33,772 - INFO - Transformed data is saved
2025-03-12 22:59:33,772 - INFO - Outliers are Handling using IQR method.....
2025-03-12 22:59:33,792 - INFO - Completed the Outlier Handling.....
2025-03-12 22:59:33,797 - INFO - Scaling is done using StandardScaler method
2025-03-12 22:59:33,798 - INFO - Saving the Scaler Model.
2025-03-12 22:59:33,799 - INFO - Splitting the train and test data in the ratio of 3:1
2025-03-12 22:59:33,819 - INFO - Train and Test data is saved
2025-03-12 22:59:33,820 - INFO - Loading the train and test data.....
2025-03-12 22:59:33,820 - INFO - Splitting the data.....
2025-03-12 22:59:33,821 - INFO - Model Trainning....
2025-03-12 22:59:33,821 - INFO - Training models...
2025-03-12 23:05:30,049 - INFO - Loading dataset...
2025-03-12 23:05:30,051 - INFO - Reading CSV file: datasets/extracted_winequality\winequality\winequality-red.csv
2025-03-12 23:05:30,069 - INFO - Loading data
2025-03-12 23:05:30,072 - INFO - Checking duplicates
2025-03-12 23:05:30,074 - INFO - Duplicates found
2025-03-12 23:05:30,075 - INFO - Dropping Duplicates
2025-03-12 23:05:30,075 - INFO - Checking Missing Values
2025-03-12 23:05:30,076 - INFO - Missing values are not found
2025-03-12 23:05:30,086 - INFO - Transformed data is saved
2025-03-12 23:05:30,087 - INFO - Outliers are Handling using IQR method.....
2025-03-12 23:05:30,107 - INFO - Completed the Outlier Handling.....
2025-03-12 23:05:30,112 - INFO - Scaling is done using StandardScaler method
2025-03-12 23:05:30,115 - INFO - Saving the Scaler Model.
2025-03-12 23:05:30,116 - INFO - Splitting the train and test data in the ratio of 3:1
2025-03-12 23:05:30,136 - INFO - Train and Test data is saved
2025-03-12 23:05:30,136 - INFO - Loading the train and test data.....
2025-03-12 23:05:30,136 - INFO - Splitting the data.....
2025-03-12 23:05:30,137 - INFO - Model Trainning....
2025-03-12 23:05:30,137 - INFO - Training models...
2025-03-12 23:09:46,554 - INFO - HTTP Request: GET https://dagshub.com/api/v1/user "HTTP/1.1 200 OK"
2025-03-12 23:09:46,561 - INFO - Accessing as Chandu1613
2025-03-12 23:09:47,902 - INFO - HTTP Request: GET https://dagshub.com/api/v1/repos/chandu1613/MLProject "HTTP/1.1 200 OK"
2025-03-12 23:09:48,782 - INFO - HTTP Request: GET https://dagshub.com/api/v1/user "HTTP/1.1 200 OK"
2025-03-12 23:09:48,786 - INFO - Initialized MLflow to track repo "chandu1613/MLProject"
2025-03-12 23:09:48,789 - INFO - Repository chandu1613/MLProject initialized!
2025-03-12 23:09:50,407 - INFO - Loading dataset...
2025-03-12 23:09:50,415 - INFO - Reading CSV file: datasets/extracted_winequality\winequality\winequality-red.csv
2025-03-12 23:09:50,441 - INFO - Loading data
2025-03-12 23:09:50,445 - INFO - Checking duplicates
2025-03-12 23:09:50,448 - INFO - Duplicates found
2025-03-12 23:09:50,451 - INFO - Dropping Duplicates
2025-03-12 23:09:50,452 - INFO - Checking Missing Values
2025-03-12 23:09:50,453 - INFO - Missing values are not found
2025-03-12 23:09:50,464 - INFO - Transformed data is saved
2025-03-12 23:09:50,464 - INFO - Outliers are Handling using IQR method.....
2025-03-12 23:09:50,487 - INFO - Completed the Outlier Handling.....
2025-03-12 23:09:50,495 - INFO - Scaling is done using StandardScaler method
2025-03-12 23:09:50,497 - INFO - Saving the Scaler Model.
2025-03-12 23:09:50,498 - INFO - Splitting the train and test data in the ratio of 3:1
2025-03-12 23:09:50,520 - INFO - Train and Test data is saved
2025-03-12 23:09:50,521 - INFO - Loading the train and test data.....
2025-03-12 23:09:50,521 - INFO - Splitting the data.....
2025-03-12 23:09:50,523 - INFO - Model Trainning....
2025-03-12 23:09:50,523 - INFO - Training models...
2025-03-12 23:09:52,043 - INFO - RandomForest -> MSE: 0.3923, MAE: 0.5030, R²: 0.3687
2025-03-12 23:10:08,018 - INFO - GradientBoosting -> MSE: 0.3937, MAE: 0.4985, R²: 0.3664
2025-03-12 23:10:19,669 - INFO - LinearRegression -> MSE: 0.3937, MAE: 0.5008, R²: 0.3664
2025-03-12 23:10:30,420 - INFO - SVC -> MSE: 0.3795, MAE: 0.4826, R²: 0.3892
2025-03-12 23:10:42,759 - INFO - ElasticNet -> MSE: 0.6009, MAE: 0.6625, R²: 0.0330
2025-03-12 23:10:56,093 - INFO - Saving the Model......
2025-03-12 23:10:56,095 - INFO - Model training is done..
2025-03-12 23:12:25,461 - INFO - HTTP Request: GET https://dagshub.com/api/v1/user "HTTP/1.1 200 OK"
2025-03-12 23:12:25,468 - INFO - Accessing as Chandu1613
2025-03-12 23:12:26,370 - INFO - HTTP Request: GET https://dagshub.com/api/v1/repos/chandu1613/MLProject "HTTP/1.1 200 OK"
2025-03-12 23:12:27,265 - INFO - HTTP Request: GET https://dagshub.com/api/v1/user "HTTP/1.1 200 OK"
2025-03-12 23:12:27,269 - INFO - Initialized MLflow to track repo "chandu1613/MLProject"
2025-03-12 23:12:27,271 - INFO - Repository chandu1613/MLProject initialized!
2025-03-12 23:12:27,870 - INFO - Loading dataset...
2025-03-12 23:12:27,873 - INFO - Reading CSV file: datasets/extracted_winequality\winequality\winequality-red.csv
2025-03-12 23:12:27,901 - INFO - Loading data
2025-03-12 23:12:27,904 - INFO - Checking duplicates
2025-03-12 23:12:27,906 - INFO - Duplicates found
2025-03-12 23:12:27,908 - INFO - Dropping Duplicates
2025-03-12 23:12:27,908 - INFO - Checking Missing Values
2025-03-12 23:12:27,909 - INFO - Missing values are not found
2025-03-12 23:12:27,919 - INFO - Transformed data is saved
2025-03-12 23:12:27,919 - INFO - Outliers are Handling using IQR method.....
2025-03-12 23:12:27,941 - INFO - Completed the Outlier Handling.....
2025-03-12 23:12:27,949 - INFO - Scaling is done using StandardScaler method
2025-03-12 23:12:27,950 - INFO - Saving the Scaler Model.
2025-03-12 23:12:27,951 - INFO - Splitting the train and test data in the ratio of 3:1
2025-03-12 23:12:27,979 - INFO - Train and Test data is saved
2025-03-12 23:12:27,979 - INFO - Loading the train and test data.....
2025-03-12 23:12:27,980 - INFO - Splitting the data.....
2025-03-12 23:12:27,980 - INFO - Model Training....
2025-03-12 23:12:27,981 - INFO - Training models...
2025-03-12 23:12:29,628 - INFO - RandomForest -> MSE: 0.3923, MAE: 0.5030, R²: 0.3687
2025-03-12 23:12:45,559 - INFO - GradientBoosting -> MSE: 0.3937, MAE: 0.4985, R²: 0.3664
2025-03-12 23:12:57,055 - INFO - LinearRegression -> MSE: 0.3937, MAE: 0.5008, R²: 0.3664
2025-03-12 23:13:07,834 - INFO - SVC -> MSE: 0.3795, MAE: 0.4826, R²: 0.3892
2025-03-12 23:13:20,163 - INFO - ElasticNet -> MSE: 0.6009, MAE: 0.6625, R²: 0.0330
2025-03-12 23:13:32,959 - INFO - Saving the best model......
2025-03-12 23:13:32,961 - INFO - Model training is done..
2025-03-12 23:34:51,252 - INFO - HTTP Request: GET https://dagshub.com/api/v1/user "HTTP/1.1 200 OK"
2025-03-12 23:34:51,260 - INFO - Accessing as Chandu1613
2025-03-12 23:34:52,265 - INFO - HTTP Request: GET https://dagshub.com/api/v1/repos/chandu1613/MLProject "HTTP/1.1 200 OK"
2025-03-12 23:34:53,052 - INFO - HTTP Request: GET https://dagshub.com/api/v1/user "HTTP/1.1 200 OK"
2025-03-12 23:34:53,057 - INFO - Initialized MLflow to track repo "chandu1613/MLProject"
2025-03-12 23:34:53,060 - INFO - Repository chandu1613/MLProject initialized!
2025-03-12 23:34:53,684 - INFO - Loading dataset...
2025-03-12 23:34:53,690 - INFO - Reading CSV file: datasets/extracted_winequality\winequality\winequality-red.csv
2025-03-12 23:34:53,707 - INFO - Loading data
2025-03-12 23:34:53,710 - INFO - Checking duplicates
2025-03-12 23:34:53,712 - INFO - Duplicates found
2025-03-12 23:34:53,714 - INFO - Dropping Duplicates
2025-03-12 23:34:53,714 - INFO - Checking Missing Values
2025-03-12 23:34:53,714 - INFO - Missing values are not found
2025-03-12 23:34:53,723 - INFO - Transformed data is saved
2025-03-12 23:34:53,724 - INFO - Outliers are Handling using IQR method.....
2025-03-12 23:34:53,745 - INFO - Completed the Outlier Handling.....
2025-03-12 23:36:05,638 - INFO - HTTP Request: GET https://dagshub.com/api/v1/user "HTTP/1.1 200 OK"
2025-03-12 23:36:05,643 - INFO - Accessing as Chandu1613
2025-03-12 23:36:06,503 - INFO - HTTP Request: GET https://dagshub.com/api/v1/repos/chandu1613/MLProject "HTTP/1.1 200 OK"
2025-03-12 23:36:07,384 - INFO - HTTP Request: GET https://dagshub.com/api/v1/user "HTTP/1.1 200 OK"
2025-03-12 23:36:07,387 - INFO - Initialized MLflow to track repo "chandu1613/MLProject"
2025-03-12 23:36:07,388 - INFO - Repository chandu1613/MLProject initialized!
2025-03-12 23:36:07,943 - INFO - Loading dataset...
2025-03-12 23:36:07,946 - INFO - Reading CSV file: datasets/extracted_winequality\winequality\winequality-red.csv
2025-03-12 23:36:07,976 - INFO - Loading data
2025-03-12 23:36:07,979 - INFO - Checking duplicates
2025-03-12 23:36:07,981 - INFO - Duplicates found
2025-03-12 23:36:07,983 - INFO - Dropping Duplicates
2025-03-12 23:36:07,983 - INFO - Checking Missing Values
2025-03-12 23:36:07,984 - INFO - Missing values are not found
2025-03-12 23:36:07,996 - INFO - Transformed data is saved
2025-03-12 23:36:07,996 - INFO - Outliers are Handling using IQR method.....
2025-03-12 23:36:08,022 - INFO - Completed the Outlier Handling.....
2025-03-12 23:36:08,024 - INFO - Splitting the train and test data in the ratio of 3:1
2025-03-12 23:36:08,040 - INFO - Train and Test data is saved
2025-03-12 23:36:08,040 - INFO - Loading the train and test data.....
2025-03-12 23:36:08,040 - INFO - Splitting the data.....
2025-03-12 23:36:08,041 - INFO - Model Training....
2025-03-12 23:36:08,042 - INFO - Training models...
2025-03-12 23:36:09,572 - INFO - RandomForest -> MSE: 0.3922, MAE: 0.5025, R²: 0.3689
2025-03-12 23:36:25,304 - INFO - GradientBoosting -> MSE: 0.3934, MAE: 0.4986, R²: 0.3669
2025-03-12 23:36:36,514 - INFO - LinearRegression -> MSE: 0.3937, MAE: 0.5008, R²: 0.3664
2025-03-12 23:36:47,041 - INFO - SVC -> MSE: 0.5101, MAE: 0.5493, R²: 0.1790
2025-03-12 23:36:59,863 - INFO - ElasticNet -> MSE: 0.5798, MAE: 0.6284, R²: 0.0670
2025-03-12 23:37:12,848 - INFO - Saving the best model......
2025-03-12 23:37:12,857 - INFO - Model training is done..
